libkomp
LD_LIBRARY_PATH=/home/pviroule/install/libkomp-affinity/lib:/home/pviroule/dev/lives-2.4.6/install_lives/lib:/usr/lib/jvm/java-oracle/jre/lib:/usr/lib/jvm/java-oracle/jre/lib/amd64/server:/home/pviroule/libs:/home/pviroule/local/lib64:/home/pviroule/local/lib:/usr/local/lib:/home/pviroule/local/lib:/opt/module/easybuild/software/binutils/2.28-GCCcore-6.4.0/lib:/opt/module/easybuild/software/GCCcore/6.4.0/lib/gcc/x86_64-pc-linux-gnu/6.4.0:/opt/module/easybuild/software/GCCcore/6.4.0/lib64:/opt/module/easybuild/software/GCCcore/6.4.0/lib OMP_NUM_THREADS="96" OMP_PLACES="{0}:96" /home/pviroule/kastors/build-clang/plasma/dpotrf_taskdep -n 8192 -b 256 -i 3 >> all_data_libkomp.dat
LD_LIBRARY_PATH=/home/pviroule/install/libkomp-affinity/lib:/home/pviroule/dev/lives-2.4.6/install_lives/lib:/usr/lib/jvm/java-oracle/jre/lib:/usr/lib/jvm/java-oracle/jre/lib/amd64/server:/home/pviroule/libs:/home/pviroule/local/lib64:/home/pviroule/local/lib:/usr/local/lib:/home/pviroule/local/lib:/opt/module/easybuild/software/binutils/2.28-GCCcore-6.4.0/lib:/opt/module/easybuild/software/GCCcore/6.4.0/lib/gcc/x86_64-pc-linux-gnu/6.4.0:/opt/module/easybuild/software/GCCcore/6.4.0/lib64:/opt/module/easybuild/software/GCCcore/6.4.0/lib OMP_NUM_THREADS="96" OMP_PLACES="{0}:96" /home/pviroule/kastors/build-clang/plasma/dpotrf_taskdep -n 16384 -b 256 -i 3 >> all_data_libkomp.dat
LD_LIBRARY_PATH=/home/pviroule/install/libkomp-affinity/lib:/home/pviroule/dev/lives-2.4.6/install_lives/lib:/usr/lib/jvm/java-oracle/jre/lib:/usr/lib/jvm/java-oracle/jre/lib/amd64/server:/home/pviroule/libs:/home/pviroule/local/lib64:/home/pviroule/local/lib:/usr/local/lib:/home/pviroule/local/lib:/opt/module/easybuild/software/binutils/2.28-GCCcore-6.4.0/lib:/opt/module/easybuild/software/GCCcore/6.4.0/lib/gcc/x86_64-pc-linux-gnu/6.4.0:/opt/module/easybuild/software/GCCcore/6.4.0/lib64:/opt/module/easybuild/software/GCCcore/6.4.0/lib OMP_NUM_THREADS="96" OMP_PLACES="{0}:96" /home/pviroule/kastors/build-clang/plasma/dpotrf_taskdep -n 32768 -b 512 -i 3 >> all_data_libkomp.dat
gcc
 OMP_NUM_THREADS="96" OMP_PLACES="{0}:96" /home/pviroule/kastors-noaff/kastors/build-gcc/plasma/dpotrf_taskdep -n 8192 -b 256 -i 3 >> all_data_gcc.dat
 OMP_NUM_THREADS="96" OMP_PLACES="{0}:96" /home/pviroule/kastors-noaff/kastors/build-gcc/plasma/dpotrf_taskdep -n 16384 -b 256 -i 3 >> all_data_gcc.dat
 OMP_NUM_THREADS="96" OMP_PLACES="{0}:96" /home/pviroule/kastors-noaff/kastors/build-gcc/plasma/dpotrf_taskdep -n 32768 -b 512 -i 3 >> all_data_gcc.dat
clang
 OMP_NUM_THREADS="96" OMP_PLACES="{0}:96" /home/pviroule/kastors-noaff/kastors/build-clang/plasma/dpotrf_taskdep -n 8192 -b 256 -i 3 >> all_data_clang.dat
 OMP_NUM_THREADS="96" OMP_PLACES="{0}:96" /home/pviroule/kastors-noaff/kastors/build-clang/plasma/dpotrf_taskdep -n 16384 -b 256 -i 3 >> all_data_clang.dat
 OMP_NUM_THREADS="96" OMP_PLACES="{0}:96" /home/pviroule/kastors-noaff/kastors/build-clang/plasma/dpotrf_taskdep -n 32768 -b 512 -i 3 >> all_data_clang.dat
libkomp
LD_LIBRARY_PATH=/home/pviroule/install/libkomp-affinity/lib:/home/pviroule/dev/lives-2.4.6/install_lives/lib:/usr/lib/jvm/java-oracle/jre/lib:/usr/lib/jvm/java-oracle/jre/lib/amd64/server:/home/pviroule/libs:/home/pviroule/local/lib64:/home/pviroule/local/lib:/usr/local/lib:/home/pviroule/local/lib:/opt/module/easybuild/software/binutils/2.28-GCCcore-6.4.0/lib:/opt/module/easybuild/software/GCCcore/6.4.0/lib/gcc/x86_64-pc-linux-gnu/6.4.0:/opt/module/easybuild/software/GCCcore/6.4.0/lib64:/opt/module/easybuild/software/GCCcore/6.4.0/lib OMP_NUM_THREADS="88" OMP_PLACES="{0}:88" /home/pviroule/kastors/build-clang/plasma/dpotrf_taskdep -n 8192 -b 256 -i 3 >> all_data_libkomp.dat
LD_LIBRARY_PATH=/home/pviroule/install/libkomp-affinity/lib:/home/pviroule/dev/lives-2.4.6/install_lives/lib:/usr/lib/jvm/java-oracle/jre/lib:/usr/lib/jvm/java-oracle/jre/lib/amd64/server:/home/pviroule/libs:/home/pviroule/local/lib64:/home/pviroule/local/lib:/usr/local/lib:/home/pviroule/local/lib:/opt/module/easybuild/software/binutils/2.28-GCCcore-6.4.0/lib:/opt/module/easybuild/software/GCCcore/6.4.0/lib/gcc/x86_64-pc-linux-gnu/6.4.0:/opt/module/easybuild/software/GCCcore/6.4.0/lib64:/opt/module/easybuild/software/GCCcore/6.4.0/lib OMP_NUM_THREADS="88" OMP_PLACES="{0}:88" /home/pviroule/kastors/build-clang/plasma/dpotrf_taskdep -n 16384 -b 256 -i 3 >> all_data_libkomp.dat
LD_LIBRARY_PATH=/home/pviroule/install/libkomp-affinity/lib:/home/pviroule/dev/lives-2.4.6/install_lives/lib:/usr/lib/jvm/java-oracle/jre/lib:/usr/lib/jvm/java-oracle/jre/lib/amd64/server:/home/pviroule/libs:/home/pviroule/local/lib64:/home/pviroule/local/lib:/usr/local/lib:/home/pviroule/local/lib:/opt/module/easybuild/software/binutils/2.28-GCCcore-6.4.0/lib:/opt/module/easybuild/software/GCCcore/6.4.0/lib/gcc/x86_64-pc-linux-gnu/6.4.0:/opt/module/easybuild/software/GCCcore/6.4.0/lib64:/opt/module/easybuild/software/GCCcore/6.4.0/lib OMP_NUM_THREADS="88" OMP_PLACES="{0}:88" /home/pviroule/kastors/build-clang/plasma/dpotrf_taskdep -n 32768 -b 512 -i 3 >> all_data_libkomp.dat
gcc
 OMP_NUM_THREADS="88" OMP_PLACES="{0}:88" /home/pviroule/kastors-noaff/kastors/build-gcc/plasma/dpotrf_taskdep -n 8192 -b 256 -i 3 >> all_data_gcc.dat
 OMP_NUM_THREADS="88" OMP_PLACES="{0}:88" /home/pviroule/kastors-noaff/kastors/build-gcc/plasma/dpotrf_taskdep -n 16384 -b 256 -i 3 >> all_data_gcc.dat
 OMP_NUM_THREADS="88" OMP_PLACES="{0}:88" /home/pviroule/kastors-noaff/kastors/build-gcc/plasma/dpotrf_taskdep -n 32768 -b 512 -i 3 >> all_data_gcc.dat
clang
 OMP_NUM_THREADS="88" OMP_PLACES="{0}:88" /home/pviroule/kastors-noaff/kastors/build-clang/plasma/dpotrf_taskdep -n 8192 -b 256 -i 3 >> all_data_clang.dat
 OMP_NUM_THREADS="88" OMP_PLACES="{0}:88" /home/pviroule/kastors-noaff/kastors/build-clang/plasma/dpotrf_taskdep -n 16384 -b 256 -i 3 >> all_data_clang.dat
 OMP_NUM_THREADS="88" OMP_PLACES="{0}:88" /home/pviroule/kastors-noaff/kastors/build-clang/plasma/dpotrf_taskdep -n 32768 -b 512 -i 3 >> all_data_clang.dat
libkomp
LD_LIBRARY_PATH=/home/pviroule/install/libkomp-affinity/lib:/home/pviroule/dev/lives-2.4.6/install_lives/lib:/usr/lib/jvm/java-oracle/jre/lib:/usr/lib/jvm/java-oracle/jre/lib/amd64/server:/home/pviroule/libs:/home/pviroule/local/lib64:/home/pviroule/local/lib:/usr/local/lib:/home/pviroule/local/lib:/opt/module/easybuild/software/binutils/2.28-GCCcore-6.4.0/lib:/opt/module/easybuild/software/GCCcore/6.4.0/lib/gcc/x86_64-pc-linux-gnu/6.4.0:/opt/module/easybuild/software/GCCcore/6.4.0/lib64:/opt/module/easybuild/software/GCCcore/6.4.0/lib OMP_NUM_THREADS="80" OMP_PLACES="{0}:80" /home/pviroule/kastors/build-clang/plasma/dpotrf_taskdep -n 8192 -b 256 -i 3 >> all_data_libkomp.dat
LD_LIBRARY_PATH=/home/pviroule/install/libkomp-affinity/lib:/home/pviroule/dev/lives-2.4.6/install_lives/lib:/usr/lib/jvm/java-oracle/jre/lib:/usr/lib/jvm/java-oracle/jre/lib/amd64/server:/home/pviroule/libs:/home/pviroule/local/lib64:/home/pviroule/local/lib:/usr/local/lib:/home/pviroule/local/lib:/opt/module/easybuild/software/binutils/2.28-GCCcore-6.4.0/lib:/opt/module/easybuild/software/GCCcore/6.4.0/lib/gcc/x86_64-pc-linux-gnu/6.4.0:/opt/module/easybuild/software/GCCcore/6.4.0/lib64:/opt/module/easybuild/software/GCCcore/6.4.0/lib OMP_NUM_THREADS="80" OMP_PLACES="{0}:80" /home/pviroule/kastors/build-clang/plasma/dpotrf_taskdep -n 16384 -b 256 -i 3 >> all_data_libkomp.dat
LD_LIBRARY_PATH=/home/pviroule/install/libkomp-affinity/lib:/home/pviroule/dev/lives-2.4.6/install_lives/lib:/usr/lib/jvm/java-oracle/jre/lib:/usr/lib/jvm/java-oracle/jre/lib/amd64/server:/home/pviroule/libs:/home/pviroule/local/lib64:/home/pviroule/local/lib:/usr/local/lib:/home/pviroule/local/lib:/opt/module/easybuild/software/binutils/2.28-GCCcore-6.4.0/lib:/opt/module/easybuild/software/GCCcore/6.4.0/lib/gcc/x86_64-pc-linux-gnu/6.4.0:/opt/module/easybuild/software/GCCcore/6.4.0/lib64:/opt/module/easybuild/software/GCCcore/6.4.0/lib OMP_NUM_THREADS="80" OMP_PLACES="{0}:80" /home/pviroule/kastors/build-clang/plasma/dpotrf_taskdep -n 32768 -b 512 -i 3 >> all_data_libkomp.dat
gcc
 OMP_NUM_THREADS="80" OMP_PLACES="{0}:80" /home/pviroule/kastors-noaff/kastors/build-gcc/plasma/dpotrf_taskdep -n 8192 -b 256 -i 3 >> all_data_gcc.dat
 OMP_NUM_THREADS="80" OMP_PLACES="{0}:80" /home/pviroule/kastors-noaff/kastors/build-gcc/plasma/dpotrf_taskdep -n 16384 -b 256 -i 3 >> all_data_gcc.dat
 OMP_NUM_THREADS="80" OMP_PLACES="{0}:80" /home/pviroule/kastors-noaff/kastors/build-gcc/plasma/dpotrf_taskdep -n 32768 -b 512 -i 3 >> all_data_gcc.dat
clang
 OMP_NUM_THREADS="80" OMP_PLACES="{0}:80" /home/pviroule/kastors-noaff/kastors/build-clang/plasma/dpotrf_taskdep -n 8192 -b 256 -i 3 >> all_data_clang.dat
 OMP_NUM_THREADS="80" OMP_PLACES="{0}:80" /home/pviroule/kastors-noaff/kastors/build-clang/plasma/dpotrf_taskdep -n 16384 -b 256 -i 3 >> all_data_clang.dat
 OMP_NUM_THREADS="80" OMP_PLACES="{0}:80" /home/pviroule/kastors-noaff/kastors/build-clang/plasma/dpotrf_taskdep -n 32768 -b 512 -i 3 >> all_data_clang.dat
libkomp
LD_LIBRARY_PATH=/home/pviroule/install/libkomp-affinity/lib:/home/pviroule/dev/lives-2.4.6/install_lives/lib:/usr/lib/jvm/java-oracle/jre/lib:/usr/lib/jvm/java-oracle/jre/lib/amd64/server:/home/pviroule/libs:/home/pviroule/local/lib64:/home/pviroule/local/lib:/usr/local/lib:/home/pviroule/local/lib:/opt/module/easybuild/software/binutils/2.28-GCCcore-6.4.0/lib:/opt/module/easybuild/software/GCCcore/6.4.0/lib/gcc/x86_64-pc-linux-gnu/6.4.0:/opt/module/easybuild/software/GCCcore/6.4.0/lib64:/opt/module/easybuild/software/GCCcore/6.4.0/lib OMP_NUM_THREADS="72" OMP_PLACES="{0}:72" /home/pviroule/kastors/build-clang/plasma/dpotrf_taskdep -n 8192 -b 256 -i 3 >> all_data_libkomp.dat
LD_LIBRARY_PATH=/home/pviroule/install/libkomp-affinity/lib:/home/pviroule/dev/lives-2.4.6/install_lives/lib:/usr/lib/jvm/java-oracle/jre/lib:/usr/lib/jvm/java-oracle/jre/lib/amd64/server:/home/pviroule/libs:/home/pviroule/local/lib64:/home/pviroule/local/lib:/usr/local/lib:/home/pviroule/local/lib:/opt/module/easybuild/software/binutils/2.28-GCCcore-6.4.0/lib:/opt/module/easybuild/software/GCCcore/6.4.0/lib/gcc/x86_64-pc-linux-gnu/6.4.0:/opt/module/easybuild/software/GCCcore/6.4.0/lib64:/opt/module/easybuild/software/GCCcore/6.4.0/lib OMP_NUM_THREADS="72" OMP_PLACES="{0}:72" /home/pviroule/kastors/build-clang/plasma/dpotrf_taskdep -n 16384 -b 256 -i 3 >> all_data_libkomp.dat
LD_LIBRARY_PATH=/home/pviroule/install/libkomp-affinity/lib:/home/pviroule/dev/lives-2.4.6/install_lives/lib:/usr/lib/jvm/java-oracle/jre/lib:/usr/lib/jvm/java-oracle/jre/lib/amd64/server:/home/pviroule/libs:/home/pviroule/local/lib64:/home/pviroule/local/lib:/usr/local/lib:/home/pviroule/local/lib:/opt/module/easybuild/software/binutils/2.28-GCCcore-6.4.0/lib:/opt/module/easybuild/software/GCCcore/6.4.0/lib/gcc/x86_64-pc-linux-gnu/6.4.0:/opt/module/easybuild/software/GCCcore/6.4.0/lib64:/opt/module/easybuild/software/GCCcore/6.4.0/lib OMP_NUM_THREADS="72" OMP_PLACES="{0}:72" /home/pviroule/kastors/build-clang/plasma/dpotrf_taskdep -n 32768 -b 512 -i 3 >> all_data_libkomp.dat
gcc
 OMP_NUM_THREADS="72" OMP_PLACES="{0}:72" /home/pviroule/kastors-noaff/kastors/build-gcc/plasma/dpotrf_taskdep -n 8192 -b 256 -i 3 >> all_data_gcc.dat
 OMP_NUM_THREADS="72" OMP_PLACES="{0}:72" /home/pviroule/kastors-noaff/kastors/build-gcc/plasma/dpotrf_taskdep -n 16384 -b 256 -i 3 >> all_data_gcc.dat
 OMP_NUM_THREADS="72" OMP_PLACES="{0}:72" /home/pviroule/kastors-noaff/kastors/build-gcc/plasma/dpotrf_taskdep -n 32768 -b 512 -i 3 >> all_data_gcc.dat
clang
 OMP_NUM_THREADS="72" OMP_PLACES="{0}:72" /home/pviroule/kastors-noaff/kastors/build-clang/plasma/dpotrf_taskdep -n 8192 -b 256 -i 3 >> all_data_clang.dat
 OMP_NUM_THREADS="72" OMP_PLACES="{0}:72" /home/pviroule/kastors-noaff/kastors/build-clang/plasma/dpotrf_taskdep -n 16384 -b 256 -i 3 >> all_data_clang.dat
 OMP_NUM_THREADS="72" OMP_PLACES="{0}:72" /home/pviroule/kastors-noaff/kastors/build-clang/plasma/dpotrf_taskdep -n 32768 -b 512 -i 3 >> all_data_clang.dat
libkomp
LD_LIBRARY_PATH=/home/pviroule/install/libkomp-affinity/lib:/home/pviroule/dev/lives-2.4.6/install_lives/lib:/usr/lib/jvm/java-oracle/jre/lib:/usr/lib/jvm/java-oracle/jre/lib/amd64/server:/home/pviroule/libs:/home/pviroule/local/lib64:/home/pviroule/local/lib:/usr/local/lib:/home/pviroule/local/lib:/opt/module/easybuild/software/binutils/2.28-GCCcore-6.4.0/lib:/opt/module/easybuild/software/GCCcore/6.4.0/lib/gcc/x86_64-pc-linux-gnu/6.4.0:/opt/module/easybuild/software/GCCcore/6.4.0/lib64:/opt/module/easybuild/software/GCCcore/6.4.0/lib OMP_NUM_THREADS="24" OMP_PLACES="{0}:24" /home/pviroule/kastors/build-clang/plasma/dpotrf_taskdep -n 8192 -b 256 -i 3 >> all_data_libkomp.dat
LD_LIBRARY_PATH=/home/pviroule/install/libkomp-affinity/lib:/home/pviroule/dev/lives-2.4.6/install_lives/lib:/usr/lib/jvm/java-oracle/jre/lib:/usr/lib/jvm/java-oracle/jre/lib/amd64/server:/home/pviroule/libs:/home/pviroule/local/lib64:/home/pviroule/local/lib:/usr/local/lib:/home/pviroule/local/lib:/opt/module/easybuild/software/binutils/2.28-GCCcore-6.4.0/lib:/opt/module/easybuild/software/GCCcore/6.4.0/lib/gcc/x86_64-pc-linux-gnu/6.4.0:/opt/module/easybuild/software/GCCcore/6.4.0/lib64:/opt/module/easybuild/software/GCCcore/6.4.0/lib OMP_NUM_THREADS="24" OMP_PLACES="{0}:24" /home/pviroule/kastors/build-clang/plasma/dpotrf_taskdep -n 16384 -b 256 -i 3 >> all_data_libkomp.dat
LD_LIBRARY_PATH=/home/pviroule/install/libkomp-affinity/lib:/home/pviroule/dev/lives-2.4.6/install_lives/lib:/usr/lib/jvm/java-oracle/jre/lib:/usr/lib/jvm/java-oracle/jre/lib/amd64/server:/home/pviroule/libs:/home/pviroule/local/lib64:/home/pviroule/local/lib:/usr/local/lib:/home/pviroule/local/lib:/opt/module/easybuild/software/binutils/2.28-GCCcore-6.4.0/lib:/opt/module/easybuild/software/GCCcore/6.4.0/lib/gcc/x86_64-pc-linux-gnu/6.4.0:/opt/module/easybuild/software/GCCcore/6.4.0/lib64:/opt/module/easybuild/software/GCCcore/6.4.0/lib OMP_NUM_THREADS="24" OMP_PLACES="{0}:24" /home/pviroule/kastors/build-clang/plasma/dpotrf_taskdep -n 32768 -b 512 -i 3 >> all_data_libkomp.dat
gcc
 OMP_NUM_THREADS="24" OMP_PLACES="{0}:24" /home/pviroule/kastors-noaff/kastors/build-gcc/plasma/dpotrf_taskdep -n 8192 -b 256 -i 3 >> all_data_gcc.dat
 OMP_NUM_THREADS="24" OMP_PLACES="{0}:24" /home/pviroule/kastors-noaff/kastors/build-gcc/plasma/dpotrf_taskdep -n 16384 -b 256 -i 3 >> all_data_gcc.dat
 OMP_NUM_THREADS="24" OMP_PLACES="{0}:24" /home/pviroule/kastors-noaff/kastors/build-gcc/plasma/dpotrf_taskdep -n 32768 -b 512 -i 3 >> all_data_gcc.dat
clang
 OMP_NUM_THREADS="24" OMP_PLACES="{0}:24" /home/pviroule/kastors-noaff/kastors/build-clang/plasma/dpotrf_taskdep -n 8192 -b 256 -i 3 >> all_data_clang.dat
 OMP_NUM_THREADS="24" OMP_PLACES="{0}:24" /home/pviroule/kastors-noaff/kastors/build-clang/plasma/dpotrf_taskdep -n 16384 -b 256 -i 3 >> all_data_clang.dat
 OMP_NUM_THREADS="24" OMP_PLACES="{0}:24" /home/pviroule/kastors-noaff/kastors/build-clang/plasma/dpotrf_taskdep -n 32768 -b 512 -i 3 >> all_data_clang.dat
libkomp
LD_LIBRARY_PATH=/home/pviroule/install/libkomp-affinity/lib:/home/pviroule/dev/lives-2.4.6/install_lives/lib:/usr/lib/jvm/java-oracle/jre/lib:/usr/lib/jvm/java-oracle/jre/lib/amd64/server:/home/pviroule/libs:/home/pviroule/local/lib64:/home/pviroule/local/lib:/usr/local/lib:/home/pviroule/local/lib:/opt/module/easybuild/software/binutils/2.28-GCCcore-6.4.0/lib:/opt/module/easybuild/software/GCCcore/6.4.0/lib/gcc/x86_64-pc-linux-gnu/6.4.0:/opt/module/easybuild/software/GCCcore/6.4.0/lib64:/opt/module/easybuild/software/GCCcore/6.4.0/lib OMP_NUM_THREADS="32" OMP_PLACES="{0}:32" /home/pviroule/kastors/build-clang/plasma/dpotrf_taskdep -n 8192 -b 256 -i 3 >> all_data_libkomp.dat
LD_LIBRARY_PATH=/home/pviroule/install/libkomp-affinity/lib:/home/pviroule/dev/lives-2.4.6/install_lives/lib:/usr/lib/jvm/java-oracle/jre/lib:/usr/lib/jvm/java-oracle/jre/lib/amd64/server:/home/pviroule/libs:/home/pviroule/local/lib64:/home/pviroule/local/lib:/usr/local/lib:/home/pviroule/local/lib:/opt/module/easybuild/software/binutils/2.28-GCCcore-6.4.0/lib:/opt/module/easybuild/software/GCCcore/6.4.0/lib/gcc/x86_64-pc-linux-gnu/6.4.0:/opt/module/easybuild/software/GCCcore/6.4.0/lib64:/opt/module/easybuild/software/GCCcore/6.4.0/lib OMP_NUM_THREADS="32" OMP_PLACES="{0}:32" /home/pviroule/kastors/build-clang/plasma/dpotrf_taskdep -n 16384 -b 256 -i 3 >> all_data_libkomp.dat
LD_LIBRARY_PATH=/home/pviroule/install/libkomp-affinity/lib:/home/pviroule/dev/lives-2.4.6/install_lives/lib:/usr/lib/jvm/java-oracle/jre/lib:/usr/lib/jvm/java-oracle/jre/lib/amd64/server:/home/pviroule/libs:/home/pviroule/local/lib64:/home/pviroule/local/lib:/usr/local/lib:/home/pviroule/local/lib:/opt/module/easybuild/software/binutils/2.28-GCCcore-6.4.0/lib:/opt/module/easybuild/software/GCCcore/6.4.0/lib/gcc/x86_64-pc-linux-gnu/6.4.0:/opt/module/easybuild/software/GCCcore/6.4.0/lib64:/opt/module/easybuild/software/GCCcore/6.4.0/lib OMP_NUM_THREADS="32" OMP_PLACES="{0}:32" /home/pviroule/kastors/build-clang/plasma/dpotrf_taskdep -n 32768 -b 512 -i 3 >> all_data_libkomp.dat
gcc
 OMP_NUM_THREADS="32" OMP_PLACES="{0}:32" /home/pviroule/kastors-noaff/kastors/build-gcc/plasma/dpotrf_taskdep -n 8192 -b 256 -i 3 >> all_data_gcc.dat
 OMP_NUM_THREADS="32" OMP_PLACES="{0}:32" /home/pviroule/kastors-noaff/kastors/build-gcc/plasma/dpotrf_taskdep -n 16384 -b 256 -i 3 >> all_data_gcc.dat
 OMP_NUM_THREADS="32" OMP_PLACES="{0}:32" /home/pviroule/kastors-noaff/kastors/build-gcc/plasma/dpotrf_taskdep -n 32768 -b 512 -i 3 >> all_data_gcc.dat
clang
 OMP_NUM_THREADS="32" OMP_PLACES="{0}:32" /home/pviroule/kastors-noaff/kastors/build-clang/plasma/dpotrf_taskdep -n 8192 -b 256 -i 3 >> all_data_clang.dat
 OMP_NUM_THREADS="32" OMP_PLACES="{0}:32" /home/pviroule/kastors-noaff/kastors/build-clang/plasma/dpotrf_taskdep -n 16384 -b 256 -i 3 >> all_data_clang.dat
 OMP_NUM_THREADS="32" OMP_PLACES="{0}:32" /home/pviroule/kastors-noaff/kastors/build-clang/plasma/dpotrf_taskdep -n 32768 -b 512 -i 3 >> all_data_clang.dat
libkomp
LD_LIBRARY_PATH=/home/pviroule/install/libkomp-affinity/lib:/home/pviroule/dev/lives-2.4.6/install_lives/lib:/usr/lib/jvm/java-oracle/jre/lib:/usr/lib/jvm/java-oracle/jre/lib/amd64/server:/home/pviroule/libs:/home/pviroule/local/lib64:/home/pviroule/local/lib:/usr/local/lib:/home/pviroule/local/lib:/opt/module/easybuild/software/binutils/2.28-GCCcore-6.4.0/lib:/opt/module/easybuild/software/GCCcore/6.4.0/lib/gcc/x86_64-pc-linux-gnu/6.4.0:/opt/module/easybuild/software/GCCcore/6.4.0/lib64:/opt/module/easybuild/software/GCCcore/6.4.0/lib OMP_NUM_THREADS="40" OMP_PLACES="{0}:40" /home/pviroule/kastors/build-clang/plasma/dpotrf_taskdep -n 8192 -b 256 -i 3 >> all_data_libkomp.dat
LD_LIBRARY_PATH=/home/pviroule/install/libkomp-affinity/lib:/home/pviroule/dev/lives-2.4.6/install_lives/lib:/usr/lib/jvm/java-oracle/jre/lib:/usr/lib/jvm/java-oracle/jre/lib/amd64/server:/home/pviroule/libs:/home/pviroule/local/lib64:/home/pviroule/local/lib:/usr/local/lib:/home/pviroule/local/lib:/opt/module/easybuild/software/binutils/2.28-GCCcore-6.4.0/lib:/opt/module/easybuild/software/GCCcore/6.4.0/lib/gcc/x86_64-pc-linux-gnu/6.4.0:/opt/module/easybuild/software/GCCcore/6.4.0/lib64:/opt/module/easybuild/software/GCCcore/6.4.0/lib OMP_NUM_THREADS="40" OMP_PLACES="{0}:40" /home/pviroule/kastors/build-clang/plasma/dpotrf_taskdep -n 16384 -b 256 -i 3 >> all_data_libkomp.dat
LD_LIBRARY_PATH=/home/pviroule/install/libkomp-affinity/lib:/home/pviroule/dev/lives-2.4.6/install_lives/lib:/usr/lib/jvm/java-oracle/jre/lib:/usr/lib/jvm/java-oracle/jre/lib/amd64/server:/home/pviroule/libs:/home/pviroule/local/lib64:/home/pviroule/local/lib:/usr/local/lib:/home/pviroule/local/lib:/opt/module/easybuild/software/binutils/2.28-GCCcore-6.4.0/lib:/opt/module/easybuild/software/GCCcore/6.4.0/lib/gcc/x86_64-pc-linux-gnu/6.4.0:/opt/module/easybuild/software/GCCcore/6.4.0/lib64:/opt/module/easybuild/software/GCCcore/6.4.0/lib OMP_NUM_THREADS="40" OMP_PLACES="{0}:40" /home/pviroule/kastors/build-clang/plasma/dpotrf_taskdep -n 32768 -b 512 -i 3 >> all_data_libkomp.dat
gcc
 OMP_NUM_THREADS="40" OMP_PLACES="{0}:40" /home/pviroule/kastors-noaff/kastors/build-gcc/plasma/dpotrf_taskdep -n 8192 -b 256 -i 3 >> all_data_gcc.dat
 OMP_NUM_THREADS="40" OMP_PLACES="{0}:40" /home/pviroule/kastors-noaff/kastors/build-gcc/plasma/dpotrf_taskdep -n 16384 -b 256 -i 3 >> all_data_gcc.dat
 OMP_NUM_THREADS="40" OMP_PLACES="{0}:40" /home/pviroule/kastors-noaff/kastors/build-gcc/plasma/dpotrf_taskdep -n 32768 -b 512 -i 3 >> all_data_gcc.dat
clang
 OMP_NUM_THREADS="40" OMP_PLACES="{0}:40" /home/pviroule/kastors-noaff/kastors/build-clang/plasma/dpotrf_taskdep -n 8192 -b 256 -i 3 >> all_data_clang.dat
 OMP_NUM_THREADS="40" OMP_PLACES="{0}:40" /home/pviroule/kastors-noaff/kastors/build-clang/plasma/dpotrf_taskdep -n 16384 -b 256 -i 3 >> all_data_clang.dat
 OMP_NUM_THREADS="40" OMP_PLACES="{0}:40" /home/pviroule/kastors-noaff/kastors/build-clang/plasma/dpotrf_taskdep -n 32768 -b 512 -i 3 >> all_data_clang.dat
libkomp
LD_LIBRARY_PATH=/home/pviroule/install/libkomp-affinity/lib:/home/pviroule/dev/lives-2.4.6/install_lives/lib:/usr/lib/jvm/java-oracle/jre/lib:/usr/lib/jvm/java-oracle/jre/lib/amd64/server:/home/pviroule/libs:/home/pviroule/local/lib64:/home/pviroule/local/lib:/usr/local/lib:/home/pviroule/local/lib:/opt/module/easybuild/software/binutils/2.28-GCCcore-6.4.0/lib:/opt/module/easybuild/software/GCCcore/6.4.0/lib/gcc/x86_64-pc-linux-gnu/6.4.0:/opt/module/easybuild/software/GCCcore/6.4.0/lib64:/opt/module/easybuild/software/GCCcore/6.4.0/lib OMP_NUM_THREADS="48" OMP_PLACES="{0}:48" /home/pviroule/kastors/build-clang/plasma/dpotrf_taskdep -n 8192 -b 256 -i 3 >> all_data_libkomp.dat
LD_LIBRARY_PATH=/home/pviroule/install/libkomp-affinity/lib:/home/pviroule/dev/lives-2.4.6/install_lives/lib:/usr/lib/jvm/java-oracle/jre/lib:/usr/lib/jvm/java-oracle/jre/lib/amd64/server:/home/pviroule/libs:/home/pviroule/local/lib64:/home/pviroule/local/lib:/usr/local/lib:/home/pviroule/local/lib:/opt/module/easybuild/software/binutils/2.28-GCCcore-6.4.0/lib:/opt/module/easybuild/software/GCCcore/6.4.0/lib/gcc/x86_64-pc-linux-gnu/6.4.0:/opt/module/easybuild/software/GCCcore/6.4.0/lib64:/opt/module/easybuild/software/GCCcore/6.4.0/lib OMP_NUM_THREADS="48" OMP_PLACES="{0}:48" /home/pviroule/kastors/build-clang/plasma/dpotrf_taskdep -n 16384 -b 256 -i 3 >> all_data_libkomp.dat
LD_LIBRARY_PATH=/home/pviroule/install/libkomp-affinity/lib:/home/pviroule/dev/lives-2.4.6/install_lives/lib:/usr/lib/jvm/java-oracle/jre/lib:/usr/lib/jvm/java-oracle/jre/lib/amd64/server:/home/pviroule/libs:/home/pviroule/local/lib64:/home/pviroule/local/lib:/usr/local/lib:/home/pviroule/local/lib:/opt/module/easybuild/software/binutils/2.28-GCCcore-6.4.0/lib:/opt/module/easybuild/software/GCCcore/6.4.0/lib/gcc/x86_64-pc-linux-gnu/6.4.0:/opt/module/easybuild/software/GCCcore/6.4.0/lib64:/opt/module/easybuild/software/GCCcore/6.4.0/lib OMP_NUM_THREADS="48" OMP_PLACES="{0}:48" /home/pviroule/kastors/build-clang/plasma/dpotrf_taskdep -n 32768 -b 512 -i 3 >> all_data_libkomp.dat
gcc
 OMP_NUM_THREADS="48" OMP_PLACES="{0}:48" /home/pviroule/kastors-noaff/kastors/build-gcc/plasma/dpotrf_taskdep -n 8192 -b 256 -i 3 >> all_data_gcc.dat
 OMP_NUM_THREADS="48" OMP_PLACES="{0}:48" /home/pviroule/kastors-noaff/kastors/build-gcc/plasma/dpotrf_taskdep -n 16384 -b 256 -i 3 >> all_data_gcc.dat
 OMP_NUM_THREADS="48" OMP_PLACES="{0}:48" /home/pviroule/kastors-noaff/kastors/build-gcc/plasma/dpotrf_taskdep -n 32768 -b 512 -i 3 >> all_data_gcc.dat
clang
 OMP_NUM_THREADS="48" OMP_PLACES="{0}:48" /home/pviroule/kastors-noaff/kastors/build-clang/plasma/dpotrf_taskdep -n 8192 -b 256 -i 3 >> all_data_clang.dat
 OMP_NUM_THREADS="48" OMP_PLACES="{0}:48" /home/pviroule/kastors-noaff/kastors/build-clang/plasma/dpotrf_taskdep -n 16384 -b 256 -i 3 >> all_data_clang.dat
 OMP_NUM_THREADS="48" OMP_PLACES="{0}:48" /home/pviroule/kastors-noaff/kastors/build-clang/plasma/dpotrf_taskdep -n 32768 -b 512 -i 3 >> all_data_clang.dat
libkomp
LD_LIBRARY_PATH=/home/pviroule/install/libkomp-affinity/lib:/home/pviroule/dev/lives-2.4.6/install_lives/lib:/usr/lib/jvm/java-oracle/jre/lib:/usr/lib/jvm/java-oracle/jre/lib/amd64/server:/home/pviroule/libs:/home/pviroule/local/lib64:/home/pviroule/local/lib:/usr/local/lib:/home/pviroule/local/lib:/opt/module/easybuild/software/binutils/2.28-GCCcore-6.4.0/lib:/opt/module/easybuild/software/GCCcore/6.4.0/lib/gcc/x86_64-pc-linux-gnu/6.4.0:/opt/module/easybuild/software/GCCcore/6.4.0/lib64:/opt/module/easybuild/software/GCCcore/6.4.0/lib OMP_NUM_THREADS="56" OMP_PLACES="{0}:56" /home/pviroule/kastors/build-clang/plasma/dpotrf_taskdep -n 8192 -b 256 -i 3 >> all_data_libkomp.dat
LD_LIBRARY_PATH=/home/pviroule/install/libkomp-affinity/lib:/home/pviroule/dev/lives-2.4.6/install_lives/lib:/usr/lib/jvm/java-oracle/jre/lib:/usr/lib/jvm/java-oracle/jre/lib/amd64/server:/home/pviroule/libs:/home/pviroule/local/lib64:/home/pviroule/local/lib:/usr/local/lib:/home/pviroule/local/lib:/opt/module/easybuild/software/binutils/2.28-GCCcore-6.4.0/lib:/opt/module/easybuild/software/GCCcore/6.4.0/lib/gcc/x86_64-pc-linux-gnu/6.4.0:/opt/module/easybuild/software/GCCcore/6.4.0/lib64:/opt/module/easybuild/software/GCCcore/6.4.0/lib OMP_NUM_THREADS="56" OMP_PLACES="{0}:56" /home/pviroule/kastors/build-clang/plasma/dpotrf_taskdep -n 16384 -b 256 -i 3 >> all_data_libkomp.dat
LD_LIBRARY_PATH=/home/pviroule/install/libkomp-affinity/lib:/home/pviroule/dev/lives-2.4.6/install_lives/lib:/usr/lib/jvm/java-oracle/jre/lib:/usr/lib/jvm/java-oracle/jre/lib/amd64/server:/home/pviroule/libs:/home/pviroule/local/lib64:/home/pviroule/local/lib:/usr/local/lib:/home/pviroule/local/lib:/opt/module/easybuild/software/binutils/2.28-GCCcore-6.4.0/lib:/opt/module/easybuild/software/GCCcore/6.4.0/lib/gcc/x86_64-pc-linux-gnu/6.4.0:/opt/module/easybuild/software/GCCcore/6.4.0/lib64:/opt/module/easybuild/software/GCCcore/6.4.0/lib OMP_NUM_THREADS="56" OMP_PLACES="{0}:56" /home/pviroule/kastors/build-clang/plasma/dpotrf_taskdep -n 32768 -b 512 -i 3 >> all_data_libkomp.dat
gcc
 OMP_NUM_THREADS="56" OMP_PLACES="{0}:56" /home/pviroule/kastors-noaff/kastors/build-gcc/plasma/dpotrf_taskdep -n 8192 -b 256 -i 3 >> all_data_gcc.dat
 OMP_NUM_THREADS="56" OMP_PLACES="{0}:56" /home/pviroule/kastors-noaff/kastors/build-gcc/plasma/dpotrf_taskdep -n 16384 -b 256 -i 3 >> all_data_gcc.dat
 OMP_NUM_THREADS="56" OMP_PLACES="{0}:56" /home/pviroule/kastors-noaff/kastors/build-gcc/plasma/dpotrf_taskdep -n 32768 -b 512 -i 3 >> all_data_gcc.dat
